[INFO] Scanning for projects...
[INFO] 
[INFO] -----------------------< com.ShopNova:ShopNova >------------------------
[INFO] Building ShopNova 0.0.1-SNAPSHOT
[INFO]   from pom.xml
[INFO] --------------------------------[ jar ]---------------------------------
[INFO] 
[INFO] >>> spring-boot:3.5.11:run (default-cli) > test-compile @ ShopNova >>>
[INFO] 
[INFO] --- resources:3.3.1:resources (default-resources) @ ShopNova ---
[INFO] Copying 1 resource from src\main\resources to target\classes
[INFO] Copying 9 resources from src\main\resources to target\classes
[INFO] 
[INFO] --- compiler:3.14.1:compile (default-compile) @ ShopNova ---
[INFO] Nothing to compile - all classes are up to date.
[INFO] 
[INFO] --- resources:3.3.1:testResources (default-testResources) @ ShopNova ---
[INFO] skip non existing resourceDirectory C:\Users\pc\OneDrive\Documents\Courses\Final Year 2026\ShopNova\ShopNova\src\test\resources
[INFO] 
[INFO] --- compiler:3.14.1:testCompile (default-testCompile) @ ShopNova ---
[INFO] Nothing to compile - all classes are up to date.
[INFO] 
[INFO] <<< spring-boot:3.5.11:run (default-cli) < test-compile @ ShopNova <<<
[INFO] 
[INFO] 
[INFO] --- spring-boot:3.5.11:run (default-cli) @ ShopNova ---
[INFO] Attaching agents: []

  .   ____          _            __ _ _
 /\\ / ___'_ __ _ _(_)_ __  __ _ \ \ \ \
( ( )\___ | '_ | '_| | '_ \/ _` | \ \ \ \
 \\/  ___)| |_)| | | | | || (_| |  ) ) ) )
  '  |____| .__|_| |_|_| |_\__, | / / / /
 =========|_|==============|___/=/_/_/_/

 :: Spring Boot ::               (v3.5.11)

2026-04-03T15:02:38.046+02:00  INFO 4728 --- [ShopNova] [  restartedMain] c.ShopNova.ShopNova.ShopNovaApplication  : Starting ShopNovaApplication using Java 17.0.12 with PID 4728 (C:\Users\pc\OneDrive\Documents\Courses\Final Year 2026\ShopNova\ShopNova\target\classes started by pc in C:\Users\pc\OneDrive\Documents\Courses\Final Year 2026\ShopNova\ShopNova)
2026-04-03T15:02:38.053+02:00  INFO 4728 --- [ShopNova] [  restartedMain] c.ShopNova.ShopNova.ShopNovaApplication  : No active profile set, falling back to 1 default profile: "default"
2026-04-03T15:02:38.196+02:00  INFO 4728 --- [ShopNova] [  restartedMain] .e.DevToolsPropertyDefaultsPostProcessor : Devtools property defaults active! Set 'spring.devtools.add-properties' to 'false' to disable
2026-04-03T15:02:38.196+02:00  INFO 4728 --- [ShopNova] [  restartedMain] .e.DevToolsPropertyDefaultsPostProcessor : For additional web related logging consider setting the 'logging.level.web' property to 'DEBUG'
2026-04-03T15:02:42.141+02:00  INFO 4728 --- [ShopNova] [  restartedMain] .s.d.r.c.RepositoryConfigurationDelegate : Bootstrapping Spring Data JPA repositories in DEFAULT mode.
2026-04-03T15:02:42.438+02:00  INFO 4728 --- [ShopNova] [  restartedMain] .s.d.r.c.RepositoryConfigurationDelegate : Finished Spring Data repository scanning in 272 ms. Found 8 JPA repository interfaces.
2026-04-03T15:02:44.919+02:00  INFO 4728 --- [ShopNova] [  restartedMain] o.s.b.w.embedded.tomcat.TomcatWebServer  : Tomcat initialized with port 8080 (http)
2026-04-03T15:02:45.019+02:00  INFO 4728 --- [ShopNova] [  restartedMain] o.apache.catalina.core.StandardService   : Starting service [Tomcat]
2026-04-03T15:02:45.019+02:00  INFO 4728 --- [ShopNova] [  restartedMain] o.apache.catalina.core.StandardEngine    : Starting Servlet engine: [Apache Tomcat/10.1.52]
2026-04-03T15:02:45.174+02:00  INFO 4728 --- [ShopNova] [  restartedMain] o.a.c.c.C.[Tomcat].[localhost].[/]       : Initializing Spring embedded WebApplicationContext
2026-04-03T15:02:45.176+02:00  INFO 4728 --- [ShopNova] [  restartedMain] w.s.c.ServletWebServerApplicationContext : Root WebApplicationContext: initialization completed in 6978 ms
2026-04-03T15:02:46.174+02:00  INFO 4728 --- [ShopNova] [  restartedMain] o.hibernate.jpa.internal.util.LogHelper  : HHH000204: Processing PersistenceUnitInfo [name: default]
2026-04-03T15:02:46.703+02:00  INFO 4728 --- [ShopNova] [  restartedMain] org.hibernate.Version                    : HHH000412: Hibernate ORM core version 6.6.42.Final
2026-04-03T15:02:46.853+02:00  INFO 4728 --- [ShopNova] [  restartedMain] o.h.c.internal.RegionFactoryInitiator    : HHH000026: Second-level cache disabled
2026-04-03T15:02:47.977+02:00  INFO 4728 --- [ShopNova] [  restartedMain] o.s.o.j.p.SpringPersistenceUnitInfo      : No LoadTimeWeaver setup: ignoring JPA class transformer
2026-04-03T15:02:48.136+02:00  INFO 4728 --- [ShopNova] [  restartedMain] com.zaxxer.hikari.HikariDataSource       : HikariPool-1 - Starting...
2026-04-03T15:02:48.817+02:00  INFO 4728 --- [ShopNova] [  restartedMain] com.zaxxer.hikari.pool.HikariPool        : HikariPool-1 - Added connection org.postgresql.jdbc.PgConnection@6c0a5d8
2026-04-03T15:02:48.821+02:00  INFO 4728 --- [ShopNova] [  restartedMain] com.zaxxer.hikari.HikariDataSource       : HikariPool-1 - Start completed.
2026-04-03T15:02:48.993+02:00  WARN 4728 --- [ShopNova] [  restartedMain] org.hibernate.orm.deprecation            : HHH90000025: PostgreSQLDialect does not need to be specified explicitly using 'hibernate.dialect' (remove the property setting and it will be selected by default)
2026-04-03T15:02:49.059+02:00  INFO 4728 --- [ShopNova] [  restartedMain] org.hibernate.orm.connections.pooling    : HHH10001005: Database info:
	Database JDBC URL [Connecting through datasource 'HikariDataSource (HikariPool-1)']
	Database driver: undefined/unknown
	Database version: 18.1
	Autocommit mode: undefined/unknown
	Isolation level: undefined/unknown
	Minimum pool size: undefined/unknown
	Maximum pool size: undefined/unknown
2026-04-03T15:02:55.221+02:00  INFO 4728 --- [ShopNova] [  restartedMain] o.h.e.t.j.p.i.JtaPlatformInitiator       : HHH000489: No JTA platform available (set 'hibernate.transaction.jta.platform' to enable JTA platform integration)
2026-04-03T15:02:55.776+02:00  INFO 4728 --- [ShopNova] [  restartedMain] j.LocalContainerEntityManagerFactoryBean : Initialized JPA EntityManagerFactory for persistence unit 'default'
2026-04-03T15:02:57.612+02:00  INFO 4728 --- [ShopNova] [  restartedMain] o.s.d.j.r.query.QueryEnhancerFactory     : Hibernate is in classpath; If applicable, HQL parser will be used.
2026-04-03T15:03:03.353+02:00  WARN 4728 --- [ShopNova] [  restartedMain] o.s.b.d.a.OptionalLiveReloadServer       : Unable to start LiveReload server
2026-04-03T15:03:03.404+02:00  WARN 4728 --- [ShopNova] [  restartedMain] ConfigServletWebServerApplicationContext : Exception encountered during context initialization - cancelling refresh attempt: org.springframework.context.ApplicationContextException: Failed to start bean 'webServerStartStop'
2026-04-03T15:03:03.409+02:00  INFO 4728 --- [ShopNova] [  restartedMain] j.LocalContainerEntityManagerFactoryBean : Closing JPA EntityManagerFactory for persistence unit 'default'
2026-04-03T15:03:03.421+02:00  INFO 4728 --- [ShopNova] [  restartedMain] com.zaxxer.hikari.HikariDataSource       : HikariPool-1 - Shutdown initiated...
2026-04-03T15:03:03.437+02:00  INFO 4728 --- [ShopNova] [  restartedMain] com.zaxxer.hikari.HikariDataSource       : HikariPool-1 - Shutdown completed.
2026-04-03T15:03:03.496+02:00  INFO 4728 --- [ShopNova] [  restartedMain] .s.b.a.l.ConditionEvaluationReportLogger : 

Error starting ApplicationContext. To display the condition evaluation report re-run your application with 'debug' enabled.
2026-04-03T15:03:03.559+02:00 ERROR 4728 --- [ShopNova] [  restartedMain] o.s.b.d.LoggingFailureAnalysisReporter   : 

***************************
APPLICATION FAILED TO START
***************************

Description:

Web server failed to start. Port 8080 was already in use.

Action:

Identify and stop the process that's listening on port 8080 or configure this application to listen on another port.

[INFO] ------------------------------------------------------------------------
[INFO] BUILD SUCCESS
[INFO] ------------------------------------------------------------------------
[INFO] Total time:  43.080 s
[INFO] Finished at: 2026-04-03T15:03:03+02:00
[INFO] ------------------------------------------------------------------------
